{"/Users/bahlum/workspace/kawak/training-api/controllers/appointmentController.js": {"path":"/Users/bahlum/workspace/kawak/training-api/controllers/appointmentController.js","statementMap":{"0":{"start":{"line":1,"column":27},"end":{"line":1,"column":62}},"1":{"start":{"line":4,"column":11},"end":{"line":11,"column":3}},"2":{"start":{"line":5,"column":4},"end":{"line":10,"column":5}},"3":{"start":{"line":6,"column":26},"end":{"line":6,"column":78}},"4":{"start":{"line":7,"column":6},"end":{"line":7,"column":40}},"5":{"start":{"line":9,"column":6},"end":{"line":9,"column":55}},"6":{"start":{"line":13,"column":10},"end":{"line":22,"column":3}},"7":{"start":{"line":14,"column":4},"end":{"line":21,"column":5}},"8":{"start":{"line":15,"column":26},"end":{"line":17,"column":7}},"9":{"start":{"line":18,"column":6},"end":{"line":18,"column":40}},"10":{"start":{"line":20,"column":6},"end":{"line":20,"column":55}},"11":{"start":{"line":24,"column":13},"end":{"line":31,"column":3}},"12":{"start":{"line":25,"column":4},"end":{"line":30,"column":5}},"13":{"start":{"line":26,"column":27},"end":{"line":26,"column":72}},"14":{"start":{"line":27,"column":6},"end":{"line":27,"column":41}},"15":{"start":{"line":29,"column":6},"end":{"line":29,"column":55}},"16":{"start":{"line":33,"column":11},"end":{"line":43,"column":3}},"17":{"start":{"line":34,"column":4},"end":{"line":42,"column":5}},"18":{"start":{"line":35,"column":26},"end":{"line":38,"column":7}},"19":{"start":{"line":39,"column":6},"end":{"line":39,"column":40}},"20":{"start":{"line":41,"column":6},"end":{"line":41,"column":55}},"21":{"start":{"line":45,"column":11},"end":{"line":52,"column":3}},"22":{"start":{"line":46,"column":4},"end":{"line":51,"column":5}},"23":{"start":{"line":47,"column":6},"end":{"line":47,"column":64}},"24":{"start":{"line":48,"column":6},"end":{"line":48,"column":29}},"25":{"start":{"line":50,"column":6},"end":{"line":50,"column":55}},"26":{"start":{"line":55,"column":0},"end":{"line":55,"column":45}}},"fnMap":{"0":{"name":"(anonymous_0)","decl":{"start":{"line":4,"column":11},"end":{"line":4,"column":12}},"loc":{"start":{"line":4,"column":31},"end":{"line":11,"column":3}},"line":4},"1":{"name":"(anonymous_1)","decl":{"start":{"line":13,"column":10},"end":{"line":13,"column":11}},"loc":{"start":{"line":13,"column":30},"end":{"line":22,"column":3}},"line":13},"2":{"name":"(anonymous_2)","decl":{"start":{"line":24,"column":13},"end":{"line":24,"column":14}},"loc":{"start":{"line":24,"column":33},"end":{"line":31,"column":3}},"line":24},"3":{"name":"(anonymous_3)","decl":{"start":{"line":33,"column":11},"end":{"line":33,"column":12}},"loc":{"start":{"line":33,"column":31},"end":{"line":43,"column":3}},"line":33},"4":{"name":"(anonymous_4)","decl":{"start":{"line":45,"column":11},"end":{"line":45,"column":12}},"loc":{"start":{"line":45,"column":31},"end":{"line":52,"column":3}},"line":45}},"branchMap":{},"s":{"0":1,"1":1,"2":0,"3":0,"4":0,"5":0,"6":1,"7":1,"8":1,"9":1,"10":0,"11":1,"12":2,"13":2,"14":2,"15":0,"16":1,"17":0,"18":0,"19":0,"20":0,"21":1,"22":1,"23":1,"24":1,"25":0,"26":1},"f":{"0":0,"1":1,"2":2,"3":0,"4":1},"b":{},"_coverageSchema":"1a1c01bbd47fc00a2c39e90264f33305004495a9","hash":"7104dc26fda728714b3dc4d5e7a689bc56c648c6"}
,"/Users/bahlum/workspace/kawak/training-api/routes/appointmentRoutes.js": {"path":"/Users/bahlum/workspace/kawak/training-api/routes/appointmentRoutes.js","statementMap":{"0":{"start":{"line":1,"column":16},"end":{"line":1,"column":34}},"1":{"start":{"line":2,"column":15},"end":{"line":2,"column":31}},"2":{"start":{"line":3,"column":30},"end":{"line":3,"column":77}},"3":{"start":{"line":5,"column":0},"end":{"line":5,"column":47}},"4":{"start":{"line":6,"column":0},"end":{"line":6,"column":48}},"5":{"start":{"line":7,"column":0},"end":{"line":7,"column":48}},"6":{"start":{"line":8,"column":0},"end":{"line":8,"column":49}},"7":{"start":{"line":9,"column":0},"end":{"line":9,"column":52}},"8":{"start":{"line":11,"column":0},"end":{"line":11,"column":59}},"9":{"start":{"line":11,"column":26},"end":{"line":11,"column":58}}},"fnMap":{"0":{"name":"(anonymous_0)","decl":{"start":{"line":11,"column":17},"end":{"line":11,"column":18}},"loc":{"start":{"line":11,"column":26},"end":{"line":11,"column":58}},"line":11}},"branchMap":{},"s":{"0":1,"1":1,"2":1,"3":1,"4":1,"5":1,"6":1,"7":1,"8":1,"9":1},"f":{"0":1},"b":{},"_coverageSchema":"1a1c01bbd47fc00a2c39e90264f33305004495a9","hash":"dbbdf48afccfad7d9d15c70cca47145cd229a765"}
,"/Users/bahlum/workspace/kawak/training-api/services/appointments/index.js": {"path":"/Users/bahlum/workspace/kawak/training-api/services/appointments/index.js","statementMap":{"0":{"start":{"line":1,"column":15},"end":{"line":1,"column":35}},"1":{"start":{"line":6,"column":4},"end":{"line":6,"column":27}},"2":{"start":{"line":8,"column":26},"end":{"line":57,"column":1}},"3":{"start":{"line":9,"column":2},"end":{"line":56,"column":3}},"4":{"start":{"line":10,"column":42},"end":{"line":10,"column":57}},"5":{"start":{"line":11,"column":25},"end":{"line":21,"column":6}},"6":{"start":{"line":23,"column":4},"end":{"line":25,"column":5}},"7":{"start":{"line":24,"column":6},"end":{"line":24,"column":80}},"8":{"start":{"line":27,"column":27},"end":{"line":33,"column":6}},"9":{"start":{"line":35,"column":4},"end":{"line":37,"column":5}},"10":{"start":{"line":36,"column":6},"end":{"line":36,"column":80}},"11":{"start":{"line":39,"column":32},"end":{"line":44,"column":6}},"12":{"start":{"line":46,"column":4},"end":{"line":50,"column":5}},"13":{"start":{"line":47,"column":6},"end":{"line":49,"column":8}},"14":{"start":{"line":52,"column":24},"end":{"line":52,"column":65}},"15":{"start":{"line":53,"column":4},"end":{"line":53,"column":23}},"16":{"start":{"line":55,"column":4},"end":{"line":55,"column":68}},"17":{"start":{"line":59,"column":27},"end":{"line":67,"column":1}},"18":{"start":{"line":60,"column":2},"end":{"line":66,"column":3}},"19":{"start":{"line":61,"column":24},"end":{"line":61,"column":54}},"20":{"start":{"line":62,"column":4},"end":{"line":62,"column":63}},"21":{"start":{"line":62,"column":22},"end":{"line":62,"column":63}},"22":{"start":{"line":63,"column":4},"end":{"line":63,"column":23}},"23":{"start":{"line":65,"column":4},"end":{"line":65,"column":68}},"24":{"start":{"line":69,"column":27},"end":{"line":76,"column":1}},"25":{"start":{"line":70,"column":2},"end":{"line":75,"column":3}},"26":{"start":{"line":71,"column":25},"end":{"line":71,"column":52}},"27":{"start":{"line":72,"column":4},"end":{"line":72,"column":24}},"28":{"start":{"line":74,"column":4},"end":{"line":74,"column":69}},"29":{"start":{"line":78,"column":26},"end":{"line":131,"column":1}},"30":{"start":{"line":79,"column":2},"end":{"line":130,"column":3}},"31":{"start":{"line":81,"column":6},"end":{"line":81,"column":16}},"32":{"start":{"line":83,"column":25},"end":{"line":93,"column":6}},"33":{"start":{"line":95,"column":4},"end":{"line":97,"column":5}},"34":{"start":{"line":96,"column":6},"end":{"line":96,"column":80}},"35":{"start":{"line":99,"column":27},"end":{"line":105,"column":6}},"36":{"start":{"line":107,"column":4},"end":{"line":109,"column":5}},"37":{"start":{"line":108,"column":6},"end":{"line":108,"column":80}},"38":{"start":{"line":111,"column":32},"end":{"line":117,"column":6}},"39":{"start":{"line":119,"column":4},"end":{"line":121,"column":5}},"40":{"start":{"line":120,"column":6},"end":{"line":120,"column":84}},"41":{"start":{"line":123,"column":27},"end":{"line":125,"column":6}},"42":{"start":{"line":126,"column":4},"end":{"line":126,"column":69}},"43":{"start":{"line":126,"column":28},"end":{"line":126,"column":69}},"44":{"start":{"line":127,"column":4},"end":{"line":127,"column":40}},"45":{"start":{"line":129,"column":4},"end":{"line":129,"column":68}},"46":{"start":{"line":133,"column":26},"end":{"line":143,"column":1}},"47":{"start":{"line":134,"column":2},"end":{"line":142,"column":3}},"48":{"start":{"line":135,"column":24},"end":{"line":137,"column":6}},"49":{"start":{"line":138,"column":4},"end":{"line":138,"column":68}},"50":{"start":{"line":138,"column":27},"end":{"line":138,"column":68}},"51":{"start":{"line":139,"column":4},"end":{"line":139,"column":16}},"52":{"start":{"line":141,"column":4},"end":{"line":141,"column":68}},"53":{"start":{"line":145,"column":0},"end":{"line":151,"column":2}}},"fnMap":{"0":{"name":"(anonymous_0)","decl":{"start":{"line":8,"column":26},"end":{"line":8,"column":27}},"loc":{"start":{"line":8,"column":53},"end":{"line":57,"column":1}},"line":8},"1":{"name":"(anonymous_1)","decl":{"start":{"line":59,"column":27},"end":{"line":59,"column":28}},"loc":{"start":{"line":59,"column":41},"end":{"line":67,"column":1}},"line":59},"2":{"name":"(anonymous_2)","decl":{"start":{"line":69,"column":27},"end":{"line":69,"column":28}},"loc":{"start":{"line":69,"column":39},"end":{"line":76,"column":1}},"line":69},"3":{"name":"(anonymous_3)","decl":{"start":{"line":78,"column":26},"end":{"line":78,"column":27}},"loc":{"start":{"line":78,"column":52},"end":{"line":131,"column":1}},"line":78},"4":{"name":"(anonymous_4)","decl":{"start":{"line":133,"column":26},"end":{"line":133,"column":27}},"loc":{"start":{"line":133,"column":40},"end":{"line":143,"column":1}},"line":133}},"branchMap":{"0":{"loc":{"start":{"line":23,"column":4},"end":{"line":25,"column":5}},"type":"if","locations":[{"start":{"line":23,"column":4},"end":{"line":25,"column":5}},{"start":{},"end":{}}],"line":23},"1":{"loc":{"start":{"line":35,"column":4},"end":{"line":37,"column":5}},"type":"if","locations":[{"start":{"line":35,"column":4},"end":{"line":37,"column":5}},{"start":{},"end":{}}],"line":35},"2":{"loc":{"start":{"line":46,"column":4},"end":{"line":50,"column":5}},"type":"if","locations":[{"start":{"line":46,"column":4},"end":{"line":50,"column":5}},{"start":{},"end":{}}],"line":46},"3":{"loc":{"start":{"line":62,"column":4},"end":{"line":62,"column":63}},"type":"if","locations":[{"start":{"line":62,"column":4},"end":{"line":62,"column":63}},{"start":{},"end":{}}],"line":62},"4":{"loc":{"start":{"line":95,"column":4},"end":{"line":97,"column":5}},"type":"if","locations":[{"start":{"line":95,"column":4},"end":{"line":97,"column":5}},{"start":{},"end":{}}],"line":95},"5":{"loc":{"start":{"line":107,"column":4},"end":{"line":109,"column":5}},"type":"if","locations":[{"start":{"line":107,"column":4},"end":{"line":109,"column":5}},{"start":{},"end":{}}],"line":107},"6":{"loc":{"start":{"line":119,"column":4},"end":{"line":121,"column":5}},"type":"if","locations":[{"start":{"line":119,"column":4},"end":{"line":121,"column":5}},{"start":{},"end":{}}],"line":119},"7":{"loc":{"start":{"line":126,"column":4},"end":{"line":126,"column":69}},"type":"if","locations":[{"start":{"line":126,"column":4},"end":{"line":126,"column":69}},{"start":{},"end":{}}],"line":126},"8":{"loc":{"start":{"line":138,"column":4},"end":{"line":138,"column":68}},"type":"if","locations":[{"start":{"line":138,"column":4},"end":{"line":138,"column":68}},{"start":{},"end":{}}],"line":138}},"s":{"0":1,"1":1,"2":1,"3":5,"4":5,"5":5,"6":4,"7":1,"8":3,"9":3,"10":1,"11":2,"12":2,"13":1,"14":1,"15":1,"16":4,"17":1,"18":1,"19":1,"20":1,"21":0,"22":1,"23":0,"24":1,"25":2,"26":2,"27":2,"28":0,"29":1,"30":0,"31":0,"32":0,"33":0,"34":0,"35":0,"36":0,"37":0,"38":0,"39":0,"40":0,"41":0,"42":0,"43":0,"44":0,"45":0,"46":1,"47":1,"48":1,"49":1,"50":0,"51":1,"52":0,"53":1},"f":{"0":5,"1":1,"2":2,"3":0,"4":1},"b":{"0":[1,3],"1":[1,2],"2":[1,1],"3":[0,1],"4":[0,0],"5":[0,0],"6":[0,0],"7":[0,0],"8":[0,1]},"_coverageSchema":"1a1c01bbd47fc00a2c39e90264f33305004495a9","hash":"a74ebf64865b614d82a1469e2745914cfa8e4611"}
,"/Users/bahlum/workspace/kawak/training-api/services/doctorBillings/index.js": {"path":"/Users/bahlum/workspace/kawak/training-api/services/doctorBillings/index.js","statementMap":{"0":{"start":{"line":3,"column":26},"end":{"line":3,"column":49}},"1":{"start":{"line":5,"column":28},"end":{"line":12,"column":1}},"2":{"start":{"line":6,"column":2},"end":{"line":11,"column":3}},"3":{"start":{"line":7,"column":20},"end":{"line":7,"column":59}},"4":{"start":{"line":8,"column":4},"end":{"line":8,"column":19}},"5":{"start":{"line":10,"column":4},"end":{"line":10,"column":71}},"6":{"start":{"line":14,"column":29},"end":{"line":22,"column":1}},"7":{"start":{"line":15,"column":2},"end":{"line":21,"column":3}},"8":{"start":{"line":16,"column":20},"end":{"line":16,"column":52}},"9":{"start":{"line":17,"column":4},"end":{"line":17,"column":62}},"10":{"start":{"line":17,"column":18},"end":{"line":17,"column":62}},"11":{"start":{"line":18,"column":4},"end":{"line":18,"column":19}},"12":{"start":{"line":20,"column":4},"end":{"line":20,"column":71}},"13":{"start":{"line":24,"column":29},"end":{"line":31,"column":1}},"14":{"start":{"line":25,"column":2},"end":{"line":30,"column":3}},"15":{"start":{"line":26,"column":21},"end":{"line":26,"column":50}},"16":{"start":{"line":27,"column":4},"end":{"line":27,"column":20}},"17":{"start":{"line":29,"column":4},"end":{"line":29,"column":72}},"18":{"start":{"line":33,"column":28},"end":{"line":43,"column":1}},"19":{"start":{"line":34,"column":2},"end":{"line":42,"column":3}},"20":{"start":{"line":35,"column":27},"end":{"line":37,"column":6}},"21":{"start":{"line":38,"column":4},"end":{"line":38,"column":72}},"22":{"start":{"line":38,"column":28},"end":{"line":38,"column":72}},"23":{"start":{"line":39,"column":4},"end":{"line":39,"column":42}},"24":{"start":{"line":41,"column":4},"end":{"line":41,"column":71}},"25":{"start":{"line":45,"column":28},"end":{"line":53,"column":1}},"26":{"start":{"line":46,"column":2},"end":{"line":52,"column":3}},"27":{"start":{"line":47,"column":24},"end":{"line":47,"column":70}},"28":{"start":{"line":48,"column":4},"end":{"line":48,"column":71}},"29":{"start":{"line":48,"column":27},"end":{"line":48,"column":71}},"30":{"start":{"line":49,"column":4},"end":{"line":49,"column":16}},"31":{"start":{"line":51,"column":4},"end":{"line":51,"column":71}},"32":{"start":{"line":55,"column":0},"end":{"line":61,"column":2}}},"fnMap":{"0":{"name":"(anonymous_0)","decl":{"start":{"line":5,"column":28},"end":{"line":5,"column":29}},"loc":{"start":{"line":5,"column":51},"end":{"line":12,"column":1}},"line":5},"1":{"name":"(anonymous_1)","decl":{"start":{"line":14,"column":29},"end":{"line":14,"column":30}},"loc":{"start":{"line":14,"column":43},"end":{"line":22,"column":1}},"line":14},"2":{"name":"(anonymous_2)","decl":{"start":{"line":24,"column":29},"end":{"line":24,"column":30}},"loc":{"start":{"line":24,"column":41},"end":{"line":31,"column":1}},"line":24},"3":{"name":"(anonymous_3)","decl":{"start":{"line":33,"column":28},"end":{"line":33,"column":29}},"loc":{"start":{"line":33,"column":54},"end":{"line":43,"column":1}},"line":33},"4":{"name":"(anonymous_4)","decl":{"start":{"line":45,"column":28},"end":{"line":45,"column":29}},"loc":{"start":{"line":45,"column":42},"end":{"line":53,"column":1}},"line":45}},"branchMap":{"0":{"loc":{"start":{"line":17,"column":4},"end":{"line":17,"column":62}},"type":"if","locations":[{"start":{"line":17,"column":4},"end":{"line":17,"column":62}},{"start":{},"end":{}}],"line":17},"1":{"loc":{"start":{"line":38,"column":4},"end":{"line":38,"column":72}},"type":"if","locations":[{"start":{"line":38,"column":4},"end":{"line":38,"column":72}},{"start":{},"end":{}}],"line":38},"2":{"loc":{"start":{"line":48,"column":4},"end":{"line":48,"column":71}},"type":"if","locations":[{"start":{"line":48,"column":4},"end":{"line":48,"column":71}},{"start":{},"end":{}}],"line":48}},"s":{"0":1,"1":1,"2":1,"3":1,"4":1,"5":0,"6":1,"7":0,"8":0,"9":0,"10":0,"11":0,"12":0,"13":1,"14":0,"15":0,"16":0,"17":0,"18":1,"19":0,"20":0,"21":0,"22":0,"23":0,"24":0,"25":1,"26":0,"27":0,"28":0,"29":0,"30":0,"31":0,"32":1},"f":{"0":1,"1":0,"2":0,"3":0,"4":0},"b":{"0":[0,0],"1":[0,0],"2":[0,0]},"_coverageSchema":"1a1c01bbd47fc00a2c39e90264f33305004495a9","hash":"1ecda282f9cc1a4fdc5b9602ebfd75856a3ea1ca"}
,"/Users/bahlum/workspace/kawak/training-api/services/notifications/index.js": {"path":"/Users/bahlum/workspace/kawak/training-api/services/notifications/index.js","statementMap":{"0":{"start":{"line":3,"column":25},"end":{"line":3,"column":48}},"1":{"start":{"line":5,"column":27},"end":{"line":12,"column":1}},"2":{"start":{"line":6,"column":2},"end":{"line":11,"column":3}},"3":{"start":{"line":7,"column":25},"end":{"line":7,"column":68}},"4":{"start":{"line":8,"column":4},"end":{"line":8,"column":24}},"5":{"start":{"line":10,"column":4},"end":{"line":10,"column":69}},"6":{"start":{"line":14,"column":28},"end":{"line":22,"column":1}},"7":{"start":{"line":15,"column":2},"end":{"line":21,"column":3}},"8":{"start":{"line":16,"column":25},"end":{"line":16,"column":56}},"9":{"start":{"line":17,"column":4},"end":{"line":17,"column":65}},"10":{"start":{"line":17,"column":23},"end":{"line":17,"column":65}},"11":{"start":{"line":18,"column":4},"end":{"line":18,"column":24}},"12":{"start":{"line":20,"column":4},"end":{"line":20,"column":69}},"13":{"start":{"line":24,"column":28},"end":{"line":31,"column":1}},"14":{"start":{"line":25,"column":2},"end":{"line":30,"column":3}},"15":{"start":{"line":26,"column":26},"end":{"line":26,"column":54}},"16":{"start":{"line":27,"column":4},"end":{"line":27,"column":25}},"17":{"start":{"line":29,"column":4},"end":{"line":29,"column":70}},"18":{"start":{"line":33,"column":27},"end":{"line":45,"column":1}},"19":{"start":{"line":34,"column":2},"end":{"line":44,"column":3}},"20":{"start":{"line":35,"column":27},"end":{"line":37,"column":6}},"21":{"start":{"line":38,"column":4},"end":{"line":38,"column":70}},"22":{"start":{"line":38,"column":28},"end":{"line":38,"column":70}},"23":{"start":{"line":39,"column":25},"end":{"line":39,"column":54}},"24":{"start":{"line":41,"column":4},"end":{"line":41,"column":24}},"25":{"start":{"line":43,"column":4},"end":{"line":43,"column":69}},"26":{"start":{"line":47,"column":27},"end":{"line":55,"column":1}},"27":{"start":{"line":48,"column":2},"end":{"line":54,"column":3}},"28":{"start":{"line":49,"column":24},"end":{"line":49,"column":69}},"29":{"start":{"line":50,"column":4},"end":{"line":50,"column":69}},"30":{"start":{"line":50,"column":27},"end":{"line":50,"column":69}},"31":{"start":{"line":51,"column":4},"end":{"line":51,"column":16}},"32":{"start":{"line":53,"column":4},"end":{"line":53,"column":69}},"33":{"start":{"line":57,"column":0},"end":{"line":63,"column":2}}},"fnMap":{"0":{"name":"(anonymous_0)","decl":{"start":{"line":5,"column":27},"end":{"line":5,"column":28}},"loc":{"start":{"line":5,"column":55},"end":{"line":12,"column":1}},"line":5},"1":{"name":"(anonymous_1)","decl":{"start":{"line":14,"column":28},"end":{"line":14,"column":29}},"loc":{"start":{"line":14,"column":42},"end":{"line":22,"column":1}},"line":14},"2":{"name":"(anonymous_2)","decl":{"start":{"line":24,"column":28},"end":{"line":24,"column":29}},"loc":{"start":{"line":24,"column":40},"end":{"line":31,"column":1}},"line":24},"3":{"name":"(anonymous_3)","decl":{"start":{"line":33,"column":27},"end":{"line":33,"column":28}},"loc":{"start":{"line":33,"column":53},"end":{"line":45,"column":1}},"line":33},"4":{"name":"(anonymous_4)","decl":{"start":{"line":47,"column":27},"end":{"line":47,"column":28}},"loc":{"start":{"line":47,"column":41},"end":{"line":55,"column":1}},"line":47}},"branchMap":{"0":{"loc":{"start":{"line":17,"column":4},"end":{"line":17,"column":65}},"type":"if","locations":[{"start":{"line":17,"column":4},"end":{"line":17,"column":65}},{"start":{},"end":{}}],"line":17},"1":{"loc":{"start":{"line":38,"column":4},"end":{"line":38,"column":70}},"type":"if","locations":[{"start":{"line":38,"column":4},"end":{"line":38,"column":70}},{"start":{},"end":{}}],"line":38},"2":{"loc":{"start":{"line":50,"column":4},"end":{"line":50,"column":69}},"type":"if","locations":[{"start":{"line":50,"column":4},"end":{"line":50,"column":69}},{"start":{},"end":{}}],"line":50}},"s":{"0":1,"1":1,"2":1,"3":1,"4":1,"5":0,"6":1,"7":2,"8":2,"9":2,"10":0,"11":2,"12":0,"13":1,"14":1,"15":1,"16":1,"17":0,"18":1,"19":1,"20":1,"21":1,"22":0,"23":1,"24":1,"25":0,"26":1,"27":1,"28":1,"29":1,"30":0,"31":1,"32":0,"33":1},"f":{"0":1,"1":2,"2":1,"3":1,"4":1},"b":{"0":[0,2],"1":[0,1],"2":[0,1]},"_coverageSchema":"1a1c01bbd47fc00a2c39e90264f33305004495a9","hash":"017fcfe93cba1bc8cfda5ba82f090a909650b7e4"}
,"/Users/bahlum/workspace/kawak/training-api/services/users/index.js": {"path":"/Users/bahlum/workspace/kawak/training-api/services/users/index.js","statementMap":{"0":{"start":{"line":3,"column":17},"end":{"line":3,"column":40}},"1":{"start":{"line":5,"column":19},"end":{"line":12,"column":1}},"2":{"start":{"line":6,"column":2},"end":{"line":11,"column":3}},"3":{"start":{"line":7,"column":17},"end":{"line":7,"column":44}},"4":{"start":{"line":8,"column":4},"end":{"line":8,"column":16}},"5":{"start":{"line":10,"column":4},"end":{"line":10,"column":61}},"6":{"start":{"line":14,"column":20},"end":{"line":22,"column":1}},"7":{"start":{"line":15,"column":2},"end":{"line":21,"column":3}},"8":{"start":{"line":16,"column":17},"end":{"line":16,"column":40}},"9":{"start":{"line":17,"column":4},"end":{"line":17,"column":49}},"10":{"start":{"line":17,"column":15},"end":{"line":17,"column":49}},"11":{"start":{"line":18,"column":4},"end":{"line":18,"column":16}},"12":{"start":{"line":20,"column":4},"end":{"line":20,"column":61}},"13":{"start":{"line":24,"column":20},"end":{"line":31,"column":1}},"14":{"start":{"line":25,"column":2},"end":{"line":30,"column":3}},"15":{"start":{"line":26,"column":18},"end":{"line":26,"column":38}},"16":{"start":{"line":27,"column":4},"end":{"line":27,"column":17}},"17":{"start":{"line":29,"column":4},"end":{"line":29,"column":62}},"18":{"start":{"line":33,"column":19},"end":{"line":46,"column":1}},"19":{"start":{"line":34,"column":2},"end":{"line":45,"column":3}},"20":{"start":{"line":35,"column":27},"end":{"line":37,"column":6}},"21":{"start":{"line":38,"column":4},"end":{"line":40,"column":5}},"22":{"start":{"line":39,"column":6},"end":{"line":39,"column":40}},"23":{"start":{"line":42,"column":4},"end":{"line":42,"column":33}},"24":{"start":{"line":44,"column":4},"end":{"line":44,"column":61}},"25":{"start":{"line":48,"column":19},"end":{"line":56,"column":1}},"26":{"start":{"line":49,"column":2},"end":{"line":55,"column":3}},"27":{"start":{"line":50,"column":24},"end":{"line":50,"column":61}},"28":{"start":{"line":51,"column":4},"end":{"line":51,"column":61}},"29":{"start":{"line":51,"column":27},"end":{"line":51,"column":61}},"30":{"start":{"line":52,"column":4},"end":{"line":52,"column":16}},"31":{"start":{"line":54,"column":4},"end":{"line":54,"column":61}},"32":{"start":{"line":58,"column":0},"end":{"line":64,"column":2}}},"fnMap":{"0":{"name":"(anonymous_0)","decl":{"start":{"line":5,"column":19},"end":{"line":5,"column":20}},"loc":{"start":{"line":5,"column":39},"end":{"line":12,"column":1}},"line":5},"1":{"name":"(anonymous_1)","decl":{"start":{"line":14,"column":20},"end":{"line":14,"column":21}},"loc":{"start":{"line":14,"column":34},"end":{"line":22,"column":1}},"line":14},"2":{"name":"(anonymous_2)","decl":{"start":{"line":24,"column":20},"end":{"line":24,"column":21}},"loc":{"start":{"line":24,"column":32},"end":{"line":31,"column":1}},"line":24},"3":{"name":"(anonymous_3)","decl":{"start":{"line":33,"column":19},"end":{"line":33,"column":20}},"loc":{"start":{"line":33,"column":45},"end":{"line":46,"column":1}},"line":33},"4":{"name":"(anonymous_4)","decl":{"start":{"line":48,"column":19},"end":{"line":48,"column":20}},"loc":{"start":{"line":48,"column":33},"end":{"line":56,"column":1}},"line":48}},"branchMap":{"0":{"loc":{"start":{"line":17,"column":4},"end":{"line":17,"column":49}},"type":"if","locations":[{"start":{"line":17,"column":4},"end":{"line":17,"column":49}},{"start":{},"end":{}}],"line":17},"1":{"loc":{"start":{"line":38,"column":4},"end":{"line":40,"column":5}},"type":"if","locations":[{"start":{"line":38,"column":4},"end":{"line":40,"column":5}},{"start":{},"end":{}}],"line":38},"2":{"loc":{"start":{"line":51,"column":4},"end":{"line":51,"column":61}},"type":"if","locations":[{"start":{"line":51,"column":4},"end":{"line":51,"column":61}},{"start":{},"end":{}}],"line":51}},"s":{"0":1,"1":1,"2":1,"3":1,"4":1,"5":0,"6":1,"7":2,"8":2,"9":2,"10":0,"11":2,"12":0,"13":1,"14":1,"15":1,"16":1,"17":0,"18":1,"19":1,"20":1,"21":1,"22":0,"23":1,"24":0,"25":1,"26":1,"27":1,"28":1,"29":0,"30":1,"31":0,"32":1},"f":{"0":1,"1":2,"2":1,"3":1,"4":1},"b":{"0":[0,2],"1":[0,1],"2":[0,1]},"_coverageSchema":"1a1c01bbd47fc00a2c39e90264f33305004495a9","hash":"45c94ea8083216d9ae72c6fa7d31ee1e2b2f5d99"}
,"/Users/bahlum/workspace/kawak/training-api/utils/testServer.js": {"path":"/Users/bahlum/workspace/kawak/training-api/utils/testServer.js","statementMap":{"0":{"start":{"line":1,"column":16},"end":{"line":1,"column":34}},"1":{"start":{"line":2,"column":18},"end":{"line":2,"column":38}},"2":{"start":{"line":5,"column":14},"end":{"line":5,"column":23}},"3":{"start":{"line":7,"column":2},"end":{"line":7,"column":26}},"4":{"start":{"line":9,"column":2},"end":{"line":9,"column":13}},"5":{"start":{"line":11,"column":2},"end":{"line":11,"column":24}},"6":{"start":{"line":14,"column":0},"end":{"line":14,"column":28}}},"fnMap":{"0":{"name":"testServer","decl":{"start":{"line":4,"column":9},"end":{"line":4,"column":19}},"loc":{"start":{"line":4,"column":27},"end":{"line":12,"column":1}},"line":4}},"branchMap":{},"s":{"0":1,"1":1,"2":1,"3":1,"4":1,"5":1,"6":1},"f":{"0":1},"b":{},"_coverageSchema":"1a1c01bbd47fc00a2c39e90264f33305004495a9","hash":"8fb264e8183ff7bfc86a38297f52f1813f686f0e"}
}
