{"/Users/bahlum/workspace/kawak/training-api/controllers/appointmentController.js": {"path":"/Users/bahlum/workspace/kawak/training-api/controllers/appointmentController.js","statementMap":{"0":{"start":{"line":1,"column":27},"end":{"line":1,"column":62}},"1":{"start":{"line":4,"column":11},"end":{"line":11,"column":3}},"2":{"start":{"line":5,"column":4},"end":{"line":10,"column":5}},"3":{"start":{"line":6,"column":26},"end":{"line":6,"column":78}},"4":{"start":{"line":7,"column":6},"end":{"line":7,"column":40}},"5":{"start":{"line":9,"column":6},"end":{"line":9,"column":55}},"6":{"start":{"line":13,"column":10},"end":{"line":22,"column":3}},"7":{"start":{"line":14,"column":4},"end":{"line":21,"column":5}},"8":{"start":{"line":15,"column":26},"end":{"line":17,"column":7}},"9":{"start":{"line":18,"column":6},"end":{"line":18,"column":40}},"10":{"start":{"line":20,"column":6},"end":{"line":20,"column":55}},"11":{"start":{"line":24,"column":13},"end":{"line":31,"column":3}},"12":{"start":{"line":25,"column":4},"end":{"line":30,"column":5}},"13":{"start":{"line":26,"column":27},"end":{"line":26,"column":72}},"14":{"start":{"line":27,"column":6},"end":{"line":27,"column":41}},"15":{"start":{"line":29,"column":6},"end":{"line":29,"column":55}},"16":{"start":{"line":33,"column":11},"end":{"line":43,"column":3}},"17":{"start":{"line":34,"column":4},"end":{"line":42,"column":5}},"18":{"start":{"line":35,"column":26},"end":{"line":38,"column":7}},"19":{"start":{"line":39,"column":6},"end":{"line":39,"column":40}},"20":{"start":{"line":41,"column":6},"end":{"line":41,"column":55}},"21":{"start":{"line":45,"column":11},"end":{"line":52,"column":3}},"22":{"start":{"line":46,"column":4},"end":{"line":51,"column":5}},"23":{"start":{"line":47,"column":6},"end":{"line":47,"column":64}},"24":{"start":{"line":48,"column":6},"end":{"line":48,"column":29}},"25":{"start":{"line":50,"column":6},"end":{"line":50,"column":55}},"26":{"start":{"line":55,"column":0},"end":{"line":55,"column":45}}},"fnMap":{"0":{"name":"(anonymous_0)","decl":{"start":{"line":4,"column":11},"end":{"line":4,"column":12}},"loc":{"start":{"line":4,"column":31},"end":{"line":11,"column":3}},"line":4},"1":{"name":"(anonymous_1)","decl":{"start":{"line":13,"column":10},"end":{"line":13,"column":11}},"loc":{"start":{"line":13,"column":30},"end":{"line":22,"column":3}},"line":13},"2":{"name":"(anonymous_2)","decl":{"start":{"line":24,"column":13},"end":{"line":24,"column":14}},"loc":{"start":{"line":24,"column":33},"end":{"line":31,"column":3}},"line":24},"3":{"name":"(anonymous_3)","decl":{"start":{"line":33,"column":11},"end":{"line":33,"column":12}},"loc":{"start":{"line":33,"column":31},"end":{"line":43,"column":3}},"line":33},"4":{"name":"(anonymous_4)","decl":{"start":{"line":45,"column":11},"end":{"line":45,"column":12}},"loc":{"start":{"line":45,"column":31},"end":{"line":52,"column":3}},"line":45}},"branchMap":{},"s":{"0":1,"1":1,"2":0,"3":0,"4":0,"5":0,"6":1,"7":1,"8":1,"9":1,"10":0,"11":1,"12":2,"13":2,"14":2,"15":0,"16":1,"17":0,"18":0,"19":0,"20":0,"21":1,"22":1,"23":1,"24":1,"25":0,"26":1},"f":{"0":0,"1":1,"2":2,"3":0,"4":1},"b":{},"_coverageSchema":"1a1c01bbd47fc00a2c39e90264f33305004495a9","hash":"7104dc26fda728714b3dc4d5e7a689bc56c648c6"}
,"/Users/bahlum/workspace/kawak/training-api/routes/appointmentRoutes.js": {"path":"/Users/bahlum/workspace/kawak/training-api/routes/appointmentRoutes.js","statementMap":{"0":{"start":{"line":1,"column":16},"end":{"line":1,"column":34}},"1":{"start":{"line":2,"column":15},"end":{"line":2,"column":31}},"2":{"start":{"line":3,"column":30},"end":{"line":3,"column":77}},"3":{"start":{"line":5,"column":0},"end":{"line":5,"column":47}},"4":{"start":{"line":6,"column":0},"end":{"line":6,"column":48}},"5":{"start":{"line":7,"column":0},"end":{"line":7,"column":48}},"6":{"start":{"line":8,"column":0},"end":{"line":8,"column":49}},"7":{"start":{"line":9,"column":0},"end":{"line":9,"column":52}},"8":{"start":{"line":11,"column":0},"end":{"line":11,"column":59}},"9":{"start":{"line":11,"column":26},"end":{"line":11,"column":58}}},"fnMap":{"0":{"name":"(anonymous_0)","decl":{"start":{"line":11,"column":17},"end":{"line":11,"column":18}},"loc":{"start":{"line":11,"column":26},"end":{"line":11,"column":58}},"line":11}},"branchMap":{},"s":{"0":1,"1":1,"2":1,"3":1,"4":1,"5":1,"6":1,"7":1,"8":1,"9":1},"f":{"0":1},"b":{},"_coverageSchema":"1a1c01bbd47fc00a2c39e90264f33305004495a9","hash":"dbbdf48afccfad7d9d15c70cca47145cd229a765"}
,"/Users/bahlum/workspace/kawak/training-api/services/appointments/index.js": {"path":"/Users/bahlum/workspace/kawak/training-api/services/appointments/index.js","statementMap":{"0":{"start":{"line":1,"column":15},"end":{"line":1,"column":35}},"1":{"start":{"line":7,"column":4},"end":{"line":7,"column":27}},"2":{"start":{"line":9,"column":26},"end":{"line":79,"column":1}},"3":{"start":{"line":10,"column":2},"end":{"line":78,"column":3}},"4":{"start":{"line":11,"column":49},"end":{"line":11,"column":64}},"5":{"start":{"line":13,"column":25},"end":{"line":26,"column":6}},"6":{"start":{"line":28,"column":4},"end":{"line":30,"column":5}},"7":{"start":{"line":29,"column":6},"end":{"line":29,"column":80}},"8":{"start":{"line":32,"column":27},"end":{"line":40,"column":6}},"9":{"start":{"line":42,"column":4},"end":{"line":46,"column":5}},"10":{"start":{"line":43,"column":6},"end":{"line":45,"column":8}},"11":{"start":{"line":48,"column":32},"end":{"line":53,"column":6}},"12":{"start":{"line":55,"column":4},"end":{"line":59,"column":5}},"13":{"start":{"line":56,"column":6},"end":{"line":58,"column":8}},"14":{"start":{"line":64,"column":26},"end":{"line":64,"column":78}},"15":{"start":{"line":66,"column":4},"end":{"line":68,"column":5}},"16":{"start":{"line":67,"column":6},"end":{"line":67,"column":50}},"17":{"start":{"line":70,"column":4},"end":{"line":72,"column":5}},"18":{"start":{"line":71,"column":6},"end":{"line":71,"column":40}},"19":{"start":{"line":74,"column":24},"end":{"line":74,"column":65}},"20":{"start":{"line":75,"column":4},"end":{"line":75,"column":23}},"21":{"start":{"line":77,"column":4},"end":{"line":77,"column":68}},"22":{"start":{"line":81,"column":27},"end":{"line":89,"column":1}},"23":{"start":{"line":82,"column":2},"end":{"line":88,"column":3}},"24":{"start":{"line":83,"column":24},"end":{"line":83,"column":54}},"25":{"start":{"line":84,"column":4},"end":{"line":84,"column":63}},"26":{"start":{"line":84,"column":22},"end":{"line":84,"column":63}},"27":{"start":{"line":85,"column":4},"end":{"line":85,"column":23}},"28":{"start":{"line":87,"column":4},"end":{"line":87,"column":68}},"29":{"start":{"line":91,"column":27},"end":{"line":98,"column":1}},"30":{"start":{"line":92,"column":2},"end":{"line":97,"column":3}},"31":{"start":{"line":93,"column":25},"end":{"line":93,"column":52}},"32":{"start":{"line":94,"column":4},"end":{"line":94,"column":24}},"33":{"start":{"line":96,"column":4},"end":{"line":96,"column":69}},"34":{"start":{"line":100,"column":26},"end":{"line":160,"column":1}},"35":{"start":{"line":101,"column":2},"end":{"line":159,"column":3}},"36":{"start":{"line":102,"column":42},"end":{"line":102,"column":52}},"37":{"start":{"line":104,"column":25},"end":{"line":114,"column":6}},"38":{"start":{"line":116,"column":4},"end":{"line":118,"column":5}},"39":{"start":{"line":117,"column":6},"end":{"line":117,"column":80}},"40":{"start":{"line":120,"column":27},"end":{"line":126,"column":6}},"41":{"start":{"line":128,"column":4},"end":{"line":132,"column":5}},"42":{"start":{"line":129,"column":6},"end":{"line":131,"column":8}},"43":{"start":{"line":134,"column":32},"end":{"line":140,"column":6}},"44":{"start":{"line":142,"column":4},"end":{"line":146,"column":5}},"45":{"start":{"line":143,"column":6},"end":{"line":145,"column":8}},"46":{"start":{"line":148,"column":27},"end":{"line":150,"column":6}},"47":{"start":{"line":152,"column":4},"end":{"line":154,"column":5}},"48":{"start":{"line":153,"column":6},"end":{"line":153,"column":47}},"49":{"start":{"line":156,"column":4},"end":{"line":156,"column":40}},"50":{"start":{"line":158,"column":4},"end":{"line":158,"column":68}},"51":{"start":{"line":162,"column":26},"end":{"line":172,"column":1}},"52":{"start":{"line":163,"column":2},"end":{"line":171,"column":3}},"53":{"start":{"line":164,"column":24},"end":{"line":166,"column":6}},"54":{"start":{"line":167,"column":4},"end":{"line":167,"column":68}},"55":{"start":{"line":167,"column":27},"end":{"line":167,"column":68}},"56":{"start":{"line":168,"column":4},"end":{"line":168,"column":16}},"57":{"start":{"line":170,"column":4},"end":{"line":170,"column":68}},"58":{"start":{"line":174,"column":0},"end":{"line":180,"column":2}}},"fnMap":{"0":{"name":"(anonymous_0)","decl":{"start":{"line":9,"column":26},"end":{"line":9,"column":27}},"loc":{"start":{"line":9,"column":53},"end":{"line":79,"column":1}},"line":9},"1":{"name":"(anonymous_1)","decl":{"start":{"line":81,"column":27},"end":{"line":81,"column":28}},"loc":{"start":{"line":81,"column":41},"end":{"line":89,"column":1}},"line":81},"2":{"name":"(anonymous_2)","decl":{"start":{"line":91,"column":27},"end":{"line":91,"column":28}},"loc":{"start":{"line":91,"column":39},"end":{"line":98,"column":1}},"line":91},"3":{"name":"(anonymous_3)","decl":{"start":{"line":100,"column":26},"end":{"line":100,"column":27}},"loc":{"start":{"line":100,"column":52},"end":{"line":160,"column":1}},"line":100},"4":{"name":"(anonymous_4)","decl":{"start":{"line":162,"column":26},"end":{"line":162,"column":27}},"loc":{"start":{"line":162,"column":40},"end":{"line":172,"column":1}},"line":162}},"branchMap":{"0":{"loc":{"start":{"line":28,"column":4},"end":{"line":30,"column":5}},"type":"if","locations":[{"start":{"line":28,"column":4},"end":{"line":30,"column":5}},{"start":{},"end":{}}],"line":28},"1":{"loc":{"start":{"line":42,"column":4},"end":{"line":46,"column":5}},"type":"if","locations":[{"start":{"line":42,"column":4},"end":{"line":46,"column":5}},{"start":{},"end":{}}],"line":42},"2":{"loc":{"start":{"line":55,"column":4},"end":{"line":59,"column":5}},"type":"if","locations":[{"start":{"line":55,"column":4},"end":{"line":59,"column":5}},{"start":{},"end":{}}],"line":55},"3":{"loc":{"start":{"line":66,"column":4},"end":{"line":68,"column":5}},"type":"if","locations":[{"start":{"line":66,"column":4},"end":{"line":68,"column":5}},{"start":{},"end":{}}],"line":66},"4":{"loc":{"start":{"line":70,"column":4},"end":{"line":72,"column":5}},"type":"if","locations":[{"start":{"line":70,"column":4},"end":{"line":72,"column":5}},{"start":{},"end":{}}],"line":70},"5":{"loc":{"start":{"line":84,"column":4},"end":{"line":84,"column":63}},"type":"if","locations":[{"start":{"line":84,"column":4},"end":{"line":84,"column":63}},{"start":{},"end":{}}],"line":84},"6":{"loc":{"start":{"line":116,"column":4},"end":{"line":118,"column":5}},"type":"if","locations":[{"start":{"line":116,"column":4},"end":{"line":118,"column":5}},{"start":{},"end":{}}],"line":116},"7":{"loc":{"start":{"line":128,"column":4},"end":{"line":132,"column":5}},"type":"if","locations":[{"start":{"line":128,"column":4},"end":{"line":132,"column":5}},{"start":{},"end":{}}],"line":128},"8":{"loc":{"start":{"line":142,"column":4},"end":{"line":146,"column":5}},"type":"if","locations":[{"start":{"line":142,"column":4},"end":{"line":146,"column":5}},{"start":{},"end":{}}],"line":142},"9":{"loc":{"start":{"line":152,"column":4},"end":{"line":154,"column":5}},"type":"if","locations":[{"start":{"line":152,"column":4},"end":{"line":154,"column":5}},{"start":{},"end":{}}],"line":152},"10":{"loc":{"start":{"line":167,"column":4},"end":{"line":167,"column":68}},"type":"if","locations":[{"start":{"line":167,"column":4},"end":{"line":167,"column":68}},{"start":{},"end":{}}],"line":167}},"s":{"0":1,"1":1,"2":1,"3":5,"4":5,"5":5,"6":4,"7":1,"8":3,"9":3,"10":1,"11":2,"12":2,"13":1,"14":1,"15":1,"16":0,"17":1,"18":0,"19":1,"20":1,"21":4,"22":1,"23":2,"24":2,"25":2,"26":0,"27":2,"28":0,"29":1,"30":2,"31":2,"32":2,"33":0,"34":1,"35":5,"36":5,"37":5,"38":4,"39":1,"40":3,"41":3,"42":1,"43":2,"44":2,"45":1,"46":1,"47":1,"48":0,"49":1,"50":4,"51":1,"52":1,"53":1,"54":1,"55":0,"56":1,"57":0,"58":1},"f":{"0":5,"1":2,"2":2,"3":5,"4":1},"b":{"0":[1,3],"1":[1,2],"2":[1,1],"3":[0,1],"4":[0,1],"5":[0,2],"6":[1,3],"7":[1,2],"8":[1,1],"9":[0,1],"10":[0,1]},"_coverageSchema":"1a1c01bbd47fc00a2c39e90264f33305004495a9","hash":"5c48813975f87086e68e8e0878dbe9e054241f7b"}
,"/Users/bahlum/workspace/kawak/training-api/services/doctorBillings/index.js": {"path":"/Users/bahlum/workspace/kawak/training-api/services/doctorBillings/index.js","statementMap":{"0":{"start":{"line":1,"column":26},"end":{"line":1,"column":49}},"1":{"start":{"line":3,"column":28},"end":{"line":10,"column":1}},"2":{"start":{"line":4,"column":2},"end":{"line":9,"column":3}},"3":{"start":{"line":5,"column":20},"end":{"line":5,"column":59}},"4":{"start":{"line":6,"column":4},"end":{"line":6,"column":19}},"5":{"start":{"line":8,"column":4},"end":{"line":8,"column":71}},"6":{"start":{"line":12,"column":29},"end":{"line":20,"column":1}},"7":{"start":{"line":13,"column":2},"end":{"line":19,"column":3}},"8":{"start":{"line":14,"column":20},"end":{"line":14,"column":52}},"9":{"start":{"line":15,"column":4},"end":{"line":15,"column":62}},"10":{"start":{"line":15,"column":18},"end":{"line":15,"column":62}},"11":{"start":{"line":16,"column":4},"end":{"line":16,"column":19}},"12":{"start":{"line":18,"column":4},"end":{"line":18,"column":71}},"13":{"start":{"line":22,"column":29},"end":{"line":29,"column":1}},"14":{"start":{"line":23,"column":2},"end":{"line":28,"column":3}},"15":{"start":{"line":24,"column":21},"end":{"line":24,"column":50}},"16":{"start":{"line":25,"column":4},"end":{"line":25,"column":20}},"17":{"start":{"line":27,"column":4},"end":{"line":27,"column":72}},"18":{"start":{"line":31,"column":28},"end":{"line":41,"column":1}},"19":{"start":{"line":32,"column":2},"end":{"line":40,"column":3}},"20":{"start":{"line":33,"column":27},"end":{"line":35,"column":6}},"21":{"start":{"line":36,"column":4},"end":{"line":36,"column":72}},"22":{"start":{"line":36,"column":28},"end":{"line":36,"column":72}},"23":{"start":{"line":37,"column":4},"end":{"line":37,"column":42}},"24":{"start":{"line":39,"column":4},"end":{"line":39,"column":71}},"25":{"start":{"line":43,"column":28},"end":{"line":51,"column":1}},"26":{"start":{"line":44,"column":2},"end":{"line":50,"column":3}},"27":{"start":{"line":45,"column":24},"end":{"line":45,"column":70}},"28":{"start":{"line":46,"column":4},"end":{"line":46,"column":71}},"29":{"start":{"line":46,"column":27},"end":{"line":46,"column":71}},"30":{"start":{"line":47,"column":4},"end":{"line":47,"column":16}},"31":{"start":{"line":49,"column":4},"end":{"line":49,"column":71}},"32":{"start":{"line":53,"column":0},"end":{"line":59,"column":2}}},"fnMap":{"0":{"name":"(anonymous_0)","decl":{"start":{"line":3,"column":28},"end":{"line":3,"column":29}},"loc":{"start":{"line":3,"column":51},"end":{"line":10,"column":1}},"line":3},"1":{"name":"(anonymous_1)","decl":{"start":{"line":12,"column":29},"end":{"line":12,"column":30}},"loc":{"start":{"line":12,"column":43},"end":{"line":20,"column":1}},"line":12},"2":{"name":"(anonymous_2)","decl":{"start":{"line":22,"column":29},"end":{"line":22,"column":30}},"loc":{"start":{"line":22,"column":41},"end":{"line":29,"column":1}},"line":22},"3":{"name":"(anonymous_3)","decl":{"start":{"line":31,"column":28},"end":{"line":31,"column":29}},"loc":{"start":{"line":31,"column":54},"end":{"line":41,"column":1}},"line":31},"4":{"name":"(anonymous_4)","decl":{"start":{"line":43,"column":28},"end":{"line":43,"column":29}},"loc":{"start":{"line":43,"column":42},"end":{"line":51,"column":1}},"line":43}},"branchMap":{"0":{"loc":{"start":{"line":15,"column":4},"end":{"line":15,"column":62}},"type":"if","locations":[{"start":{"line":15,"column":4},"end":{"line":15,"column":62}},{"start":{},"end":{}}],"line":15},"1":{"loc":{"start":{"line":36,"column":4},"end":{"line":36,"column":72}},"type":"if","locations":[{"start":{"line":36,"column":4},"end":{"line":36,"column":72}},{"start":{},"end":{}}],"line":36},"2":{"loc":{"start":{"line":46,"column":4},"end":{"line":46,"column":71}},"type":"if","locations":[{"start":{"line":46,"column":4},"end":{"line":46,"column":71}},{"start":{},"end":{}}],"line":46}},"s":{"0":1,"1":1,"2":1,"3":1,"4":1,"5":0,"6":1,"7":0,"8":0,"9":0,"10":0,"11":0,"12":0,"13":1,"14":0,"15":0,"16":0,"17":0,"18":1,"19":0,"20":0,"21":0,"22":0,"23":0,"24":0,"25":1,"26":0,"27":0,"28":0,"29":0,"30":0,"31":0,"32":1},"f":{"0":1,"1":0,"2":0,"3":0,"4":0},"b":{"0":[0,0],"1":[0,0],"2":[0,0]},"_coverageSchema":"1a1c01bbd47fc00a2c39e90264f33305004495a9","hash":"2c61aadbdd76988b831ab8d9a92f97b6d5165a11"}
,"/Users/bahlum/workspace/kawak/training-api/services/notifications/index.js": {"path":"/Users/bahlum/workspace/kawak/training-api/services/notifications/index.js","statementMap":{"0":{"start":{"line":1,"column":25},"end":{"line":1,"column":48}},"1":{"start":{"line":3,"column":27},"end":{"line":10,"column":1}},"2":{"start":{"line":4,"column":2},"end":{"line":9,"column":3}},"3":{"start":{"line":5,"column":25},"end":{"line":5,"column":68}},"4":{"start":{"line":6,"column":4},"end":{"line":6,"column":24}},"5":{"start":{"line":8,"column":4},"end":{"line":8,"column":69}},"6":{"start":{"line":12,"column":28},"end":{"line":20,"column":1}},"7":{"start":{"line":13,"column":2},"end":{"line":19,"column":3}},"8":{"start":{"line":14,"column":25},"end":{"line":14,"column":56}},"9":{"start":{"line":15,"column":4},"end":{"line":15,"column":65}},"10":{"start":{"line":15,"column":23},"end":{"line":15,"column":65}},"11":{"start":{"line":16,"column":4},"end":{"line":16,"column":24}},"12":{"start":{"line":18,"column":4},"end":{"line":18,"column":69}},"13":{"start":{"line":22,"column":28},"end":{"line":29,"column":1}},"14":{"start":{"line":23,"column":2},"end":{"line":28,"column":3}},"15":{"start":{"line":24,"column":26},"end":{"line":24,"column":54}},"16":{"start":{"line":25,"column":4},"end":{"line":25,"column":25}},"17":{"start":{"line":27,"column":4},"end":{"line":27,"column":70}},"18":{"start":{"line":31,"column":27},"end":{"line":43,"column":1}},"19":{"start":{"line":32,"column":2},"end":{"line":42,"column":3}},"20":{"start":{"line":33,"column":27},"end":{"line":35,"column":6}},"21":{"start":{"line":36,"column":4},"end":{"line":36,"column":70}},"22":{"start":{"line":36,"column":28},"end":{"line":36,"column":70}},"23":{"start":{"line":37,"column":25},"end":{"line":37,"column":54}},"24":{"start":{"line":39,"column":4},"end":{"line":39,"column":24}},"25":{"start":{"line":41,"column":4},"end":{"line":41,"column":69}},"26":{"start":{"line":45,"column":27},"end":{"line":53,"column":1}},"27":{"start":{"line":46,"column":2},"end":{"line":52,"column":3}},"28":{"start":{"line":47,"column":24},"end":{"line":47,"column":69}},"29":{"start":{"line":48,"column":4},"end":{"line":48,"column":69}},"30":{"start":{"line":48,"column":27},"end":{"line":48,"column":69}},"31":{"start":{"line":49,"column":4},"end":{"line":49,"column":16}},"32":{"start":{"line":51,"column":4},"end":{"line":51,"column":69}},"33":{"start":{"line":55,"column":0},"end":{"line":61,"column":2}}},"fnMap":{"0":{"name":"(anonymous_0)","decl":{"start":{"line":3,"column":27},"end":{"line":3,"column":28}},"loc":{"start":{"line":3,"column":55},"end":{"line":10,"column":1}},"line":3},"1":{"name":"(anonymous_1)","decl":{"start":{"line":12,"column":28},"end":{"line":12,"column":29}},"loc":{"start":{"line":12,"column":42},"end":{"line":20,"column":1}},"line":12},"2":{"name":"(anonymous_2)","decl":{"start":{"line":22,"column":28},"end":{"line":22,"column":29}},"loc":{"start":{"line":22,"column":40},"end":{"line":29,"column":1}},"line":22},"3":{"name":"(anonymous_3)","decl":{"start":{"line":31,"column":27},"end":{"line":31,"column":28}},"loc":{"start":{"line":31,"column":53},"end":{"line":43,"column":1}},"line":31},"4":{"name":"(anonymous_4)","decl":{"start":{"line":45,"column":27},"end":{"line":45,"column":28}},"loc":{"start":{"line":45,"column":41},"end":{"line":53,"column":1}},"line":45}},"branchMap":{"0":{"loc":{"start":{"line":15,"column":4},"end":{"line":15,"column":65}},"type":"if","locations":[{"start":{"line":15,"column":4},"end":{"line":15,"column":65}},{"start":{},"end":{}}],"line":15},"1":{"loc":{"start":{"line":36,"column":4},"end":{"line":36,"column":70}},"type":"if","locations":[{"start":{"line":36,"column":4},"end":{"line":36,"column":70}},{"start":{},"end":{}}],"line":36},"2":{"loc":{"start":{"line":48,"column":4},"end":{"line":48,"column":69}},"type":"if","locations":[{"start":{"line":48,"column":4},"end":{"line":48,"column":69}},{"start":{},"end":{}}],"line":48}},"s":{"0":1,"1":1,"2":1,"3":1,"4":1,"5":0,"6":1,"7":2,"8":2,"9":2,"10":0,"11":2,"12":0,"13":1,"14":1,"15":1,"16":1,"17":0,"18":1,"19":1,"20":1,"21":1,"22":0,"23":1,"24":1,"25":0,"26":1,"27":1,"28":1,"29":1,"30":0,"31":1,"32":0,"33":1},"f":{"0":1,"1":2,"2":1,"3":1,"4":1},"b":{"0":[0,2],"1":[0,1],"2":[0,1]},"_coverageSchema":"1a1c01bbd47fc00a2c39e90264f33305004495a9","hash":"caffb877369b840bb74e7c73a7f9d5ab0a741ef8"}
,"/Users/bahlum/workspace/kawak/training-api/services/users/index.js": {"path":"/Users/bahlum/workspace/kawak/training-api/services/users/index.js","statementMap":{"0":{"start":{"line":1,"column":17},"end":{"line":1,"column":40}},"1":{"start":{"line":3,"column":19},"end":{"line":10,"column":1}},"2":{"start":{"line":4,"column":2},"end":{"line":9,"column":3}},"3":{"start":{"line":5,"column":17},"end":{"line":5,"column":44}},"4":{"start":{"line":6,"column":4},"end":{"line":6,"column":16}},"5":{"start":{"line":8,"column":4},"end":{"line":8,"column":61}},"6":{"start":{"line":12,"column":20},"end":{"line":20,"column":1}},"7":{"start":{"line":13,"column":2},"end":{"line":19,"column":3}},"8":{"start":{"line":14,"column":17},"end":{"line":14,"column":40}},"9":{"start":{"line":15,"column":4},"end":{"line":15,"column":49}},"10":{"start":{"line":15,"column":15},"end":{"line":15,"column":49}},"11":{"start":{"line":16,"column":4},"end":{"line":16,"column":16}},"12":{"start":{"line":18,"column":4},"end":{"line":18,"column":61}},"13":{"start":{"line":22,"column":20},"end":{"line":29,"column":1}},"14":{"start":{"line":23,"column":2},"end":{"line":28,"column":3}},"15":{"start":{"line":24,"column":18},"end":{"line":24,"column":38}},"16":{"start":{"line":25,"column":4},"end":{"line":25,"column":17}},"17":{"start":{"line":27,"column":4},"end":{"line":27,"column":62}},"18":{"start":{"line":31,"column":19},"end":{"line":44,"column":1}},"19":{"start":{"line":32,"column":2},"end":{"line":43,"column":3}},"20":{"start":{"line":33,"column":27},"end":{"line":35,"column":6}},"21":{"start":{"line":36,"column":4},"end":{"line":38,"column":5}},"22":{"start":{"line":37,"column":6},"end":{"line":37,"column":40}},"23":{"start":{"line":40,"column":4},"end":{"line":40,"column":33}},"24":{"start":{"line":42,"column":4},"end":{"line":42,"column":61}},"25":{"start":{"line":46,"column":19},"end":{"line":54,"column":1}},"26":{"start":{"line":47,"column":2},"end":{"line":53,"column":3}},"27":{"start":{"line":48,"column":24},"end":{"line":48,"column":61}},"28":{"start":{"line":49,"column":4},"end":{"line":49,"column":61}},"29":{"start":{"line":49,"column":27},"end":{"line":49,"column":61}},"30":{"start":{"line":50,"column":4},"end":{"line":50,"column":16}},"31":{"start":{"line":52,"column":4},"end":{"line":52,"column":61}},"32":{"start":{"line":56,"column":0},"end":{"line":62,"column":2}}},"fnMap":{"0":{"name":"(anonymous_0)","decl":{"start":{"line":3,"column":19},"end":{"line":3,"column":20}},"loc":{"start":{"line":3,"column":39},"end":{"line":10,"column":1}},"line":3},"1":{"name":"(anonymous_1)","decl":{"start":{"line":12,"column":20},"end":{"line":12,"column":21}},"loc":{"start":{"line":12,"column":34},"end":{"line":20,"column":1}},"line":12},"2":{"name":"(anonymous_2)","decl":{"start":{"line":22,"column":20},"end":{"line":22,"column":21}},"loc":{"start":{"line":22,"column":32},"end":{"line":29,"column":1}},"line":22},"3":{"name":"(anonymous_3)","decl":{"start":{"line":31,"column":19},"end":{"line":31,"column":20}},"loc":{"start":{"line":31,"column":45},"end":{"line":44,"column":1}},"line":31},"4":{"name":"(anonymous_4)","decl":{"start":{"line":46,"column":19},"end":{"line":46,"column":20}},"loc":{"start":{"line":46,"column":33},"end":{"line":54,"column":1}},"line":46}},"branchMap":{"0":{"loc":{"start":{"line":15,"column":4},"end":{"line":15,"column":49}},"type":"if","locations":[{"start":{"line":15,"column":4},"end":{"line":15,"column":49}},{"start":{},"end":{}}],"line":15},"1":{"loc":{"start":{"line":36,"column":4},"end":{"line":38,"column":5}},"type":"if","locations":[{"start":{"line":36,"column":4},"end":{"line":38,"column":5}},{"start":{},"end":{}}],"line":36},"2":{"loc":{"start":{"line":49,"column":4},"end":{"line":49,"column":61}},"type":"if","locations":[{"start":{"line":49,"column":4},"end":{"line":49,"column":61}},{"start":{},"end":{}}],"line":49}},"s":{"0":1,"1":1,"2":1,"3":1,"4":1,"5":0,"6":1,"7":2,"8":2,"9":2,"10":0,"11":2,"12":0,"13":1,"14":1,"15":1,"16":1,"17":0,"18":1,"19":1,"20":1,"21":1,"22":0,"23":1,"24":0,"25":1,"26":1,"27":1,"28":1,"29":0,"30":1,"31":0,"32":1},"f":{"0":1,"1":2,"2":1,"3":1,"4":1},"b":{"0":[0,2],"1":[0,1],"2":[0,1]},"_coverageSchema":"1a1c01bbd47fc00a2c39e90264f33305004495a9","hash":"c43cd068ce867f79ceb5493c1bcc63cac7e6f639"}
,"/Users/bahlum/workspace/kawak/training-api/utils/testServer.js": {"path":"/Users/bahlum/workspace/kawak/training-api/utils/testServer.js","statementMap":{"0":{"start":{"line":1,"column":16},"end":{"line":1,"column":34}},"1":{"start":{"line":2,"column":18},"end":{"line":2,"column":38}},"2":{"start":{"line":5,"column":14},"end":{"line":5,"column":23}},"3":{"start":{"line":7,"column":2},"end":{"line":7,"column":26}},"4":{"start":{"line":9,"column":2},"end":{"line":9,"column":13}},"5":{"start":{"line":11,"column":2},"end":{"line":11,"column":24}},"6":{"start":{"line":14,"column":0},"end":{"line":14,"column":28}}},"fnMap":{"0":{"name":"testServer","decl":{"start":{"line":4,"column":9},"end":{"line":4,"column":19}},"loc":{"start":{"line":4,"column":27},"end":{"line":12,"column":1}},"line":4}},"branchMap":{},"s":{"0":1,"1":1,"2":1,"3":1,"4":1,"5":1,"6":1},"f":{"0":1},"b":{},"_coverageSchema":"1a1c01bbd47fc00a2c39e90264f33305004495a9","hash":"8fb264e8183ff7bfc86a38297f52f1813f686f0e"}
}
