TN:
SF:controllers/appointmentController.js
FN:4,(anonymous_0)
FN:13,(anonymous_1)
FN:24,(anonymous_2)
FN:33,(anonymous_3)
FN:45,(anonymous_4)
FNF:5
FNH:3
FNDA:0,(anonymous_0)
FNDA:1,(anonymous_1)
FNDA:2,(anonymous_2)
FNDA:0,(anonymous_3)
FNDA:1,(anonymous_4)
DA:1,1
DA:4,1
DA:5,0
DA:6,0
DA:7,0
DA:9,0
DA:13,1
DA:14,1
DA:15,1
DA:18,1
DA:20,0
DA:24,1
DA:25,2
DA:26,2
DA:27,2
DA:29,0
DA:33,1
DA:34,0
DA:35,0
DA:39,0
DA:41,0
DA:45,1
DA:46,1
DA:47,1
DA:48,1
DA:50,0
DA:55,1
LF:27
LH:16
BRF:0
BRH:0
end_of_record
TN:
SF:routes/appointmentRoutes.js
FN:11,(anonymous_0)
FNF:1
FNH:1
FNDA:1,(anonymous_0)
DA:1,1
DA:2,1
DA:3,1
DA:5,1
DA:6,1
DA:7,1
DA:8,1
DA:9,1
DA:11,1
LF:9
LH:9
BRF:0
BRH:0
end_of_record
TN:
SF:services/appointments/index.js
FN:9,(anonymous_0)
FN:81,(anonymous_1)
FN:91,(anonymous_2)
FN:100,(anonymous_3)
FN:162,(anonymous_4)
FNF:5
FNH:5
FNDA:5,(anonymous_0)
FNDA:2,(anonymous_1)
FNDA:2,(anonymous_2)
FNDA:5,(anonymous_3)
FNDA:1,(anonymous_4)
DA:1,1
DA:7,1
DA:9,1
DA:10,5
DA:11,5
DA:13,5
DA:28,4
DA:29,1
DA:32,3
DA:42,3
DA:43,1
DA:48,2
DA:55,2
DA:56,1
DA:64,1
DA:66,1
DA:67,0
DA:70,1
DA:71,0
DA:74,1
DA:75,1
DA:77,4
DA:81,1
DA:82,2
DA:83,2
DA:84,2
DA:85,2
DA:87,0
DA:91,1
DA:92,2
DA:93,2
DA:94,2
DA:96,0
DA:100,1
DA:101,5
DA:102,5
DA:104,5
DA:116,4
DA:117,1
DA:120,3
DA:128,3
DA:129,1
DA:134,2
DA:142,2
DA:143,1
DA:148,1
DA:152,1
DA:153,0
DA:156,1
DA:158,4
DA:162,1
DA:163,1
DA:164,1
DA:167,1
DA:168,1
DA:170,0
DA:174,1
LF:57
LH:51
BRDA:28,0,0,1
BRDA:28,0,1,3
BRDA:42,1,0,1
BRDA:42,1,1,2
BRDA:55,2,0,1
BRDA:55,2,1,1
BRDA:66,3,0,0
BRDA:66,3,1,1
BRDA:70,4,0,0
BRDA:70,4,1,1
BRDA:84,5,0,0
BRDA:84,5,1,2
BRDA:116,6,0,1
BRDA:116,6,1,3
BRDA:128,7,0,1
BRDA:128,7,1,2
BRDA:142,8,0,1
BRDA:142,8,1,1
BRDA:152,9,0,0
BRDA:152,9,1,1
BRDA:167,10,0,0
BRDA:167,10,1,1
BRF:22
BRH:17
end_of_record
TN:
SF:services/doctorBillings/index.js
FN:3,(anonymous_0)
FN:12,(anonymous_1)
FN:22,(anonymous_2)
FN:31,(anonymous_3)
FN:43,(anonymous_4)
FNF:5
FNH:1
FNDA:1,(anonymous_0)
FNDA:0,(anonymous_1)
FNDA:0,(anonymous_2)
FNDA:0,(anonymous_3)
FNDA:0,(anonymous_4)
DA:1,1
DA:3,1
DA:4,1
DA:5,1
DA:6,1
DA:8,0
DA:12,1
DA:13,0
DA:14,0
DA:15,0
DA:16,0
DA:18,0
DA:22,1
DA:23,0
DA:24,0
DA:25,0
DA:27,0
DA:31,1
DA:32,0
DA:33,0
DA:36,0
DA:37,0
DA:39,0
DA:43,1
DA:44,0
DA:45,0
DA:46,0
DA:47,0
DA:49,0
DA:53,1
LF:30
LH:10
BRDA:15,0,0,0
BRDA:15,0,1,0
BRDA:36,1,0,0
BRDA:36,1,1,0
BRDA:46,2,0,0
BRDA:46,2,1,0
BRF:6
BRH:0
end_of_record
TN:
SF:services/notifications/index.js
FN:3,(anonymous_0)
FN:12,(anonymous_1)
FN:22,(anonymous_2)
FN:31,(anonymous_3)
FN:45,(anonymous_4)
FNF:5
FNH:5
FNDA:1,(anonymous_0)
FNDA:2,(anonymous_1)
FNDA:1,(anonymous_2)
FNDA:1,(anonymous_3)
FNDA:1,(anonymous_4)
DA:1,1
DA:3,1
DA:4,1
DA:5,1
DA:6,1
DA:8,0
DA:12,1
DA:13,2
DA:14,2
DA:15,2
DA:16,2
DA:18,0
DA:22,1
DA:23,1
DA:24,1
DA:25,1
DA:27,0
DA:31,1
DA:32,1
DA:33,1
DA:36,1
DA:37,1
DA:39,1
DA:41,0
DA:45,1
DA:46,1
DA:47,1
DA:48,1
DA:49,1
DA:51,0
DA:55,1
LF:31
LH:26
BRDA:15,0,0,0
BRDA:15,0,1,2
BRDA:36,1,0,0
BRDA:36,1,1,1
BRDA:48,2,0,0
BRDA:48,2,1,1
BRF:6
BRH:3
end_of_record
TN:
SF:services/users/index.js
FN:3,(anonymous_0)
FN:12,(anonymous_1)
FN:22,(anonymous_2)
FN:31,(anonymous_3)
FN:46,(anonymous_4)
FNF:5
FNH:5
FNDA:1,(anonymous_0)
FNDA:2,(anonymous_1)
FNDA:1,(anonymous_2)
FNDA:1,(anonymous_3)
FNDA:1,(anonymous_4)
DA:1,1
DA:3,1
DA:4,1
DA:5,1
DA:6,1
DA:8,0
DA:12,1
DA:13,2
DA:14,2
DA:15,2
DA:16,2
DA:18,0
DA:22,1
DA:23,1
DA:24,1
DA:25,1
DA:27,0
DA:31,1
DA:32,1
DA:33,1
DA:36,1
DA:37,0
DA:40,1
DA:42,0
DA:46,1
DA:47,1
DA:48,1
DA:49,1
DA:50,1
DA:52,0
DA:56,1
LF:31
LH:25
BRDA:15,0,0,0
BRDA:15,0,1,2
BRDA:36,1,0,0
BRDA:36,1,1,1
BRDA:49,2,0,0
BRDA:49,2,1,1
BRF:6
BRH:3
end_of_record
TN:
SF:utils/testServer.js
FN:4,testServer
FNF:1
FNH:1
FNDA:1,testServer
DA:1,1
DA:2,1
DA:5,1
DA:7,1
DA:9,1
DA:11,1
DA:14,1
LF:7
LH:7
BRF:0
BRH:0
end_of_record
