TN:
SF:controllers/appointmentController.js
FN:4,(anonymous_0)
FN:13,(anonymous_1)
FN:24,(anonymous_2)
FN:33,(anonymous_3)
FN:45,(anonymous_4)
FNF:5
FNH:3
FNDA:0,(anonymous_0)
FNDA:1,(anonymous_1)
FNDA:2,(anonymous_2)
FNDA:0,(anonymous_3)
FNDA:1,(anonymous_4)
DA:1,1
DA:4,1
DA:5,0
DA:6,0
DA:7,0
DA:9,0
DA:13,1
DA:14,1
DA:15,1
DA:18,1
DA:20,0
DA:24,1
DA:25,2
DA:26,2
DA:27,2
DA:29,0
DA:33,1
DA:34,0
DA:35,0
DA:39,0
DA:41,0
DA:45,1
DA:46,1
DA:47,1
DA:48,1
DA:50,0
DA:55,1
LF:27
LH:16
BRF:0
BRH:0
end_of_record
TN:
SF:routes/appointmentRoutes.js
FN:11,(anonymous_0)
FNF:1
FNH:1
FNDA:1,(anonymous_0)
DA:1,1
DA:2,1
DA:3,1
DA:5,1
DA:6,1
DA:7,1
DA:8,1
DA:9,1
DA:11,1
LF:9
LH:9
BRF:0
BRH:0
end_of_record
TN:
SF:services/appointments/index.js
FN:8,(anonymous_0)
FN:59,(anonymous_1)
FN:69,(anonymous_2)
FN:78,(anonymous_3)
FN:133,(anonymous_4)
FNF:5
FNH:4
FNDA:5,(anonymous_0)
FNDA:1,(anonymous_1)
FNDA:2,(anonymous_2)
FNDA:0,(anonymous_3)
FNDA:1,(anonymous_4)
DA:1,1
DA:6,1
DA:8,1
DA:9,5
DA:10,5
DA:11,5
DA:23,4
DA:24,1
DA:27,3
DA:35,3
DA:36,1
DA:39,2
DA:46,2
DA:47,1
DA:52,1
DA:53,1
DA:55,4
DA:59,1
DA:60,1
DA:61,1
DA:62,1
DA:63,1
DA:65,0
DA:69,1
DA:70,2
DA:71,2
DA:72,2
DA:74,0
DA:78,1
DA:79,0
DA:81,0
DA:83,0
DA:95,0
DA:96,0
DA:99,0
DA:107,0
DA:108,0
DA:111,0
DA:119,0
DA:120,0
DA:123,0
DA:126,0
DA:127,0
DA:129,0
DA:133,1
DA:134,1
DA:135,1
DA:138,1
DA:139,1
DA:141,0
DA:145,1
LF:51
LH:33
BRDA:23,0,0,1
BRDA:23,0,1,3
BRDA:35,1,0,1
BRDA:35,1,1,2
BRDA:46,2,0,1
BRDA:46,2,1,1
BRDA:62,3,0,0
BRDA:62,3,1,1
BRDA:95,4,0,0
BRDA:95,4,1,0
BRDA:107,5,0,0
BRDA:107,5,1,0
BRDA:119,6,0,0
BRDA:119,6,1,0
BRDA:126,7,0,0
BRDA:126,7,1,0
BRDA:138,8,0,0
BRDA:138,8,1,1
BRF:18
BRH:8
end_of_record
TN:
SF:services/doctorBillings/index.js
FN:5,(anonymous_0)
FN:14,(anonymous_1)
FN:24,(anonymous_2)
FN:33,(anonymous_3)
FN:45,(anonymous_4)
FNF:5
FNH:1
FNDA:1,(anonymous_0)
FNDA:0,(anonymous_1)
FNDA:0,(anonymous_2)
FNDA:0,(anonymous_3)
FNDA:0,(anonymous_4)
DA:3,1
DA:5,1
DA:6,1
DA:7,1
DA:8,1
DA:10,0
DA:14,1
DA:15,0
DA:16,0
DA:17,0
DA:18,0
DA:20,0
DA:24,1
DA:25,0
DA:26,0
DA:27,0
DA:29,0
DA:33,1
DA:34,0
DA:35,0
DA:38,0
DA:39,0
DA:41,0
DA:45,1
DA:46,0
DA:47,0
DA:48,0
DA:49,0
DA:51,0
DA:55,1
LF:30
LH:10
BRDA:17,0,0,0
BRDA:17,0,1,0
BRDA:38,1,0,0
BRDA:38,1,1,0
BRDA:48,2,0,0
BRDA:48,2,1,0
BRF:6
BRH:0
end_of_record
TN:
SF:services/notifications/index.js
FN:5,(anonymous_0)
FN:14,(anonymous_1)
FN:24,(anonymous_2)
FN:33,(anonymous_3)
FN:47,(anonymous_4)
FNF:5
FNH:5
FNDA:1,(anonymous_0)
FNDA:2,(anonymous_1)
FNDA:1,(anonymous_2)
FNDA:1,(anonymous_3)
FNDA:1,(anonymous_4)
DA:3,1
DA:5,1
DA:6,1
DA:7,1
DA:8,1
DA:10,0
DA:14,1
DA:15,2
DA:16,2
DA:17,2
DA:18,2
DA:20,0
DA:24,1
DA:25,1
DA:26,1
DA:27,1
DA:29,0
DA:33,1
DA:34,1
DA:35,1
DA:38,1
DA:39,1
DA:41,1
DA:43,0
DA:47,1
DA:48,1
DA:49,1
DA:50,1
DA:51,1
DA:53,0
DA:57,1
LF:31
LH:26
BRDA:17,0,0,0
BRDA:17,0,1,2
BRDA:38,1,0,0
BRDA:38,1,1,1
BRDA:50,2,0,0
BRDA:50,2,1,1
BRF:6
BRH:3
end_of_record
TN:
SF:services/users/index.js
FN:5,(anonymous_0)
FN:14,(anonymous_1)
FN:24,(anonymous_2)
FN:33,(anonymous_3)
FN:48,(anonymous_4)
FNF:5
FNH:5
FNDA:1,(anonymous_0)
FNDA:2,(anonymous_1)
FNDA:1,(anonymous_2)
FNDA:1,(anonymous_3)
FNDA:1,(anonymous_4)
DA:3,1
DA:5,1
DA:6,1
DA:7,1
DA:8,1
DA:10,0
DA:14,1
DA:15,2
DA:16,2
DA:17,2
DA:18,2
DA:20,0
DA:24,1
DA:25,1
DA:26,1
DA:27,1
DA:29,0
DA:33,1
DA:34,1
DA:35,1
DA:38,1
DA:39,0
DA:42,1
DA:44,0
DA:48,1
DA:49,1
DA:50,1
DA:51,1
DA:52,1
DA:54,0
DA:58,1
LF:31
LH:25
BRDA:17,0,0,0
BRDA:17,0,1,2
BRDA:38,1,0,0
BRDA:38,1,1,1
BRDA:51,2,0,0
BRDA:51,2,1,1
BRF:6
BRH:3
end_of_record
TN:
SF:utils/testServer.js
FN:4,testServer
FNF:1
FNH:1
FNDA:1,testServer
DA:1,1
DA:2,1
DA:5,1
DA:7,1
DA:9,1
DA:11,1
DA:14,1
LF:7
LH:7
BRF:0
BRH:0
end_of_record
